Arguments: 
  C:\Users\magid\scoop\apps\nodejs\current\node.exe C:\Users\magid\scoop\apps\nodejs\current\bin\node_modules\yarn\bin\yarn.js add packege.json

PATH: 
  C:\Users\magid\bin;C:\Program Files\Git\mingw64\bin;C:\Program Files\Git\usr\local\bin;C:\Program Files\Git\usr\bin;C:\Program Files\Git\usr\bin;C:\Program Files\Git\mingw64\bin;C:\Program Files\Git\usr\bin;C:\Users\magid\bin;C:\Users\magid\AppData\Local\cloud-code\installer\google-cloud-sdk\bin;D:\Python\Python310\Scripts;D:\Python\Python310;C:\Program Files\Common Files\Oracle\Java\javapath;C:\Windows\system32;C:\Windows;C:\Windows\System32\Wbem;C:\Windows\System32\WindowsPowerShell\v1.0;C:\Windows\System32\OpenSSH;C:\Program Files (x86)\NVIDIA Corporation\PhysX\Common;C:\Program Files\NVIDIA Corporation\NVIDIA NvDLISR;C:\WINDOWS\system32;C:\WINDOWS;C:\WINDOWS\System32\Wbem;C:\WINDOWS\System32\WindowsPowerShell\v1.0;C:\WINDOWS\System32\OpenSSH;D:\Program Files\Microsoft VS Code\bin;D:\Program Files\Android\Android Studio\jre\bin;C:\ProgramData\chocolatey\bin;C:\MinGW\bin;C:\Program Files (x86)\dotnet;D:\Program Files\Android\Sdk\platform-tools;%ANDROID_SDK_HOME%;%ANDROID_AVD_HOME%;C:\Program Files\Amazon\AWSCLIV2;C:\Program Files\Amazon\AWSSAMCLI\bin;C:\Program Files\OpenSSH-Win64;C:\Program Files\Intel\Intel(R) Memory and Storage Tool;C:\HashiCorp\Vagrant\bin;C:\Users\magid\AppData\Local\Microsoft\WindowsApps;C:\Google\Cloud SDK\google-cloud-sdk\bin;C:\Program Files\Git\cmd;C:\Users\magid\scoop\apps\nodejs\current\bin;C:\Users\magid\scoop\apps\nodejs\current;C:\Users\magid\bin;C:\Program Files\Git\mingw64\bin;C:\Program Files\Git\usr\local\bin;C:\Program Files\Git\usr\bin;C:\Users\magid\AppData\Local\cloud-code\installer\google-cloud-sdk\bin;C:\Python310\Scripts;C:\Python310;C:\Program Files\Common Files\Oracle\Java\javapath;C:\Windows\system32;C:\Windows;C:\Windows\System32\Wbem;C:\Windows\System32\WindowsPowerShell\v1.0;C:\Windows\System32\OpenSSH;C:\Program Files (x86)\NVIDIA Corporation\PhysX\Common;C:\Program Files\NVIDIA Corporation\NVIDIA NvDLISR;C:\WINDOWS\system32;C:\WINDOWS;C:\WINDOWS\System32\Wbem;C:\WINDOWS\System32\WindowsPowerShell\v1.0;C:\WINDOWS\System32\OpenSSH;D:\Program Files\Microsoft VS Code\bin;D:\Program Files\Android\Android Studio\jre\bin;C:\ProgramData\chocolatey\bin;C:\Program Files\dotnet;C:\Program Files\Git\cmd;D:\Program Files\NodeJS;C:\MinGW\bin;C:\Program Files (x86)\dotnet;D:\Program Files\Android\Sdk\platform-tools;D:\Program Files\Android\Sdk;D:\Program Files\Android\Sdk\emulator;C:\Program Files\Amazon\AWSCLIV2;C:\Program Files\Amazon\AWSSAMCLI\bin;C:\Program Files\OpenSSH-Win64;C:\Program Files\Intel\Intel(R) Memory and Storage Tool;C:\HashiCorp\Vagrant\bin;C:\Users\magid\go\bin;C:\Users\magid\scoop\shims;C:\Users\magid\.dotnet\tools;C:\MinGW\CMake\bin;C:\Program Files (x86)\GitHub CLI;C:\Program Files\Git\usr\bin\vendor_perl;C:\Program Files\Git\usr\bin\core_perl;C:\Program Files (x86)\RedHat\Podman;C:\Users\magid\AppData\Local\Microsoft\WindowsApps;C:\Program Files\Git\usr\bin\vendor_perl;C:\Program Files\Git\usr\bin\core_perl

Yarn version: 
  1.22.17

Node version: 
  17.7.1

Platform: 
  win32 x64

Trace: 
  Error: https://registry.yarnpkg.com/packege.json: Not found
      at Request.params.callback [as _callback] (C:\Users\magid\scoop\persist\nodejs\bin\node_modules\yarn\lib\cli.js:67029:18)
      at Request.self.callback (C:\Users\magid\scoop\persist\nodejs\bin\node_modules\yarn\lib\cli.js:140883:22)
      at Request.emit (node:events:527:28)
      at Request.<anonymous> (C:\Users\magid\scoop\persist\nodejs\bin\node_modules\yarn\lib\cli.js:141855:10)
      at Request.emit (node:events:527:28)
      at IncomingMessage.<anonymous> (C:\Users\magid\scoop\persist\nodejs\bin\node_modules\yarn\lib\cli.js:141777:12)
      at Object.onceWrapper (node:events:641:28)
      at IncomingMessage.emit (node:events:539:35)
      at endReadableNT (node:internal/streams/readable:1342:12)
      at processTicksAndRejections (node:internal/process/task_queues:83:21)

npm manifest: 
  {
    "name": "toolaboard",
    "version": "0.0.0",
    "scripts": {
      "ng": "ng",
      "start": "ng serve",
      "build": "ng build",
      "test": "ng test",
      "lint": "ng lint",
      "e2e": "ng e2e"
    },
    "private": true,
    "dependencies": {
      "@agm/core": "^1.0.0",
      "@angular/animations": "~11.1.0",
      "@angular/cdk": "^11.1.1",
      "@angular/common": "~11.1.0",
      "@angular/compiler": "~11.1.0",
      "@angular/core": "~11.1.0",
      "@angular/forms": "~11.1.0",
      "@angular/google-maps": "^11.1.1",
      "@angular/platform-browser": "~11.1.0",
      "@angular/platform-browser-dynamic": "~11.1.0",
      "@angular/router": "~11.1.0",
      "@auth0/angular-jwt": "^5.0.2",
      "@google/maps": "^1.1.3",
      "@highcharts/map-collection": "^1.1.3",
      "@ng-bootstrap/ng-bootstrap": "^9.0.2",
      "@popperjs/core": "^2.6.0",
      "@sweetalert2/ngx-sweetalert2": "^9.0.0",
      "@toverux/ngx-sweetalert2": "^4.0.0",
      "@types/cropperjs": "^1.3.0",
      "@types/jquery": "^3.5.5",
      "@types/lodash-es": "^4.17.4",
      "@types/sortablejs": "^1.10.6",
      "angular-calendar": "^0.28.22",
      "angular-calendar-scheduler": "^10.1.3",
      "angular-cropperjs": "^1.0.2",
      "angular-crumbs": "^3.0.1",
      "angular-sortablejs": "^2.7.0",
      "angular2-jwt": "^0.2.3",
      "animate.css": "^4.1.1",
      "bootstrap": "^4.6.0",
      "chart.js": "^2.9.4",
      "cropperjs": "^1.5.9",
      "date-fns": "^2.16.1",
      "highcharts": "^8.2.2",
      "highcharts-angular": "^2.9.0",
      "ion-rangeslider": "^2.3.1",
      "jquery": "^3.5.1",
      "ng-bootstrap-form-validation": "^9.0.0",
      "ng-wizard": "^1.3.0",
      "ng2-charts": "^2.4.2",
      "ng2-completer": "^9.0.1",
      "ng2-google-charts": "^6.1.0",
      "ng2-ion-range-slider": "^2.0.0",
      "ng2-smart-table": "^1.7.2",
      "ngx-pagination": "^5.0.0",
      "ngx-perfect-scrollbar": "^10.1.0",
      "ngx-popper": "^7.0.0",
      "ngx-slick-carousel": "^0.5.1",
      "ngx-sortablejs": "^11.1.0",
      "ngx-toastr": "^13.2.0",
      "ngx-tour-core": "^4.2.0",
      "ngx-tour-md-menu": "^4.2.0",
      "ngx-tour-ngx-popper": "^4.1.1",
      "ngx-wow": "^2.0.1",
      "popper.js": "^1.16.1",
      "rxjs": "~6.6.0",
      "rxjs-compat": "^6.6.3",
      "slick-carousel": "^1.8.1",
      "sortablejs": "^1.13.0",
      "sweetalert2": "^10.13.3",
      "tslib": "^2.0.0",
      "wowjs": "^1.1.3",
      "zone.js": "~0.11.3"
    },
    "devDependencies": {
      "@angular-devkit/build-angular": "~0.1101.1",
      "@angular/cli": "~11.1.1",
      "@angular/compiler-cli": "~11.1.0",
      "@types/jasmine": "~3.6.0",
      "@types/node": "^12.11.1",
      "codelyzer": "^6.0.0",
      "jasmine-core": "~3.6.0",
      "jasmine-spec-reporter": "~5.0.0",
      "karma": "~5.2.0",
      "karma-chrome-launcher": "~3.1.0",
      "karma-coverage": "~2.0.3",
      "karma-jasmine": "~4.0.0",
      "karma-jasmine-html-reporter": "^1.5.0",
      "protractor": "~7.0.0",
      "ts-node": "~8.3.0",
      "tslint": "~6.1.0",
      "typescript": "~4.1.2"
    }
  }

yarn manifest: 
  No manifest

Lockfile: 
  No lockfile
